[2020-10-28 22:46:58] momocanal_service_logger.INFO: Daemon processing about to start [] []
[2020-10-28 22:46:58] momocanal_service_logger.INFO: checking for pending messages [] []
[2020-10-28 22:46:58] momocanal_service_logger.INFO: Found 1 pending sms [] []
[2020-10-28 22:46:58] momocanal_service_logger.INFO: fetching pending sms [] []
[2020-10-28 22:46:58] momocanal_service_logger.DEBUG: payments: [{}] [] []
[2020-10-28 22:46:58] momocanal_service_logger.INFO: About to update message ID:1 [] []
[2020-10-28 22:46:58] momocanal_service_logger.INFO: Sending message ID:1 [] []
[2020-10-28 22:46:58] momocanal_service_logger.INFO: PDO Exception: SQLSTATE[42S02]: Base table or view not found: 1146 Table 'rvcp.outboundSMS' doesn't exist [] []
[2020-10-28 22:47:01] momocanal_service_logger.INFO: Daemon processing about to start [] []
[2020-10-28 22:47:01] momocanal_service_logger.INFO: checking for pending messages [] []
[2020-10-28 22:47:01] momocanal_service_logger.INFO: Found 1 pending sms [] []
[2020-10-28 22:47:01] momocanal_service_logger.INFO: PDO Exception: There is already an active transaction [] []
[2020-10-28 22:47:04] momocanal_service_logger.INFO: Daemon processing about to start [] []
[2020-10-28 22:47:04] momocanal_service_logger.INFO: checking for pending messages [] []
[2020-10-28 22:47:04] momocanal_service_logger.INFO: Found 1 pending sms [] []
[2020-10-28 22:47:04] momocanal_service_logger.INFO: PDO Exception: There is already an active transaction [] []
[2020-10-28 22:47:07] momocanal_service_logger.INFO: Daemon processing about to start [] []
[2020-10-28 22:47:07] momocanal_service_logger.INFO: checking for pending messages [] []
[2020-10-28 22:47:07] momocanal_service_logger.INFO: Found 1 pending sms [] []
[2020-10-28 22:47:07] momocanal_service_logger.INFO: PDO Exception: There is already an active transaction [] []
[2020-10-28 22:47:10] momocanal_service_logger.INFO: Daemon processing about to start [] []
[2020-10-28 22:47:10] momocanal_service_logger.INFO: checking for pending messages [] []
[2020-10-28 22:47:10] momocanal_service_logger.INFO: Found 1 pending sms [] []
[2020-10-28 22:47:10] momocanal_service_logger.INFO: PDO Exception: There is already an active transaction [] []
[2020-10-28 22:47:13] momocanal_service_logger.INFO: Daemon processing about to start [] []
[2020-10-28 22:47:13] momocanal_service_logger.INFO: checking for pending messages [] []
[2020-10-28 22:47:13] momocanal_service_logger.INFO: Found 1 pending sms [] []
[2020-10-28 22:47:13] momocanal_service_logger.INFO: PDO Exception: There is already an active transaction [] []
[2020-10-28 22:47:16] momocanal_service_logger.INFO: Daemon processing about to start [] []
[2020-10-28 22:47:16] momocanal_service_logger.INFO: checking for pending messages [] []
[2020-10-28 22:47:16] momocanal_service_logger.INFO: Found 1 pending sms [] []
[2020-10-28 22:47:16] momocanal_service_logger.INFO: PDO Exception: There is already an active transaction [] []
[2020-10-28 22:47:19] momocanal_service_logger.INFO: Daemon processing about to start [] []
[2020-10-28 22:47:19] momocanal_service_logger.INFO: checking for pending messages [] []
[2020-10-28 22:47:19] momocanal_service_logger.INFO: Found 1 pending sms [] []
[2020-10-28 22:47:19] momocanal_service_logger.INFO: PDO Exception: There is already an active transaction [] []
[2020-10-28 22:47:22] momocanal_service_logger.INFO: Daemon processing about to start [] []
[2020-10-28 22:47:22] momocanal_service_logger.INFO: checking for pending messages [] []
[2020-10-28 22:47:22] momocanal_service_logger.INFO: Found 1 pending sms [] []
[2020-10-28 22:47:22] momocanal_service_logger.INFO: PDO Exception: There is already an active transaction [] []
[2020-10-28 22:47:25] momocanal_service_logger.INFO: Daemon processing about to start [] []
[2020-10-28 22:47:25] momocanal_service_logger.INFO: checking for pending messages [] []
[2020-10-28 22:47:25] momocanal_service_logger.INFO: Found 1 pending sms [] []
[2020-10-28 22:47:25] momocanal_service_logger.INFO: PDO Exception: There is already an active transaction [] []
[2020-10-28 22:47:27] momocanal_service_logger.INFO: Daemon processing about to start [] []
[2020-10-28 22:47:27] momocanal_service_logger.INFO: checking for pending messages [] []
[2020-10-28 22:47:27] momocanal_service_logger.INFO: Found 1 pending sms [] []
[2020-10-28 22:47:27] momocanal_service_logger.INFO: PDO Exception: There is already an active transaction [] []
[2020-10-28 22:47:30] momocanal_service_logger.INFO: Daemon processing about to start [] []
[2020-10-28 22:47:30] momocanal_service_logger.INFO: checking for pending messages [] []
[2020-10-28 22:47:30] momocanal_service_logger.INFO: Found 1 pending sms [] []
[2020-10-28 22:47:30] momocanal_service_logger.INFO: PDO Exception: There is already an active transaction [] []
[2020-10-28 22:47:33] momocanal_service_logger.INFO: Daemon processing about to start [] []
[2020-10-28 22:47:33] momocanal_service_logger.INFO: checking for pending messages [] []
[2020-10-28 22:47:33] momocanal_service_logger.INFO: Found 1 pending sms [] []
[2020-10-28 22:47:33] momocanal_service_logger.INFO: PDO Exception: There is already an active transaction [] []
[2020-10-28 22:47:36] momocanal_service_logger.INFO: Daemon processing about to start [] []
[2020-10-28 22:47:36] momocanal_service_logger.INFO: checking for pending messages [] []
[2020-10-28 22:47:36] momocanal_service_logger.INFO: Found 1 pending sms [] []
[2020-10-28 22:47:36] momocanal_service_logger.INFO: PDO Exception: There is already an active transaction [] []
[2020-10-28 22:47:39] momocanal_service_logger.INFO: Daemon processing about to start [] []
[2020-10-28 22:47:39] momocanal_service_logger.INFO: checking for pending messages [] []
[2020-10-28 22:47:39] momocanal_service_logger.INFO: Found 1 pending sms [] []
[2020-10-28 22:47:39] momocanal_service_logger.INFO: PDO Exception: There is already an active transaction [] []
[2020-10-28 22:47:42] momocanal_service_logger.INFO: Daemon processing about to start [] []
[2020-10-28 22:47:42] momocanal_service_logger.INFO: checking for pending messages [] []
[2020-10-28 22:47:42] momocanal_service_logger.INFO: Found 1 pending sms [] []
[2020-10-28 22:47:42] momocanal_service_logger.INFO: PDO Exception: There is already an active transaction [] []
[2020-10-28 22:47:45] momocanal_service_logger.INFO: Daemon processing about to start [] []
[2020-10-28 22:47:45] momocanal_service_logger.INFO: checking for pending messages [] []
[2020-10-28 22:47:45] momocanal_service_logger.INFO: Found 1 pending sms [] []
[2020-10-28 22:47:45] momocanal_service_logger.INFO: PDO Exception: There is already an active transaction [] []
[2020-10-28 22:47:48] momocanal_service_logger.INFO: Daemon processing about to start [] []
[2020-10-28 22:47:48] momocanal_service_logger.INFO: checking for pending messages [] []
[2020-10-28 22:47:48] momocanal_service_logger.INFO: Found 1 pending sms [] []
[2020-10-28 22:47:48] momocanal_service_logger.INFO: PDO Exception: There is already an active transaction [] []
[2020-10-28 22:47:51] momocanal_service_logger.INFO: Daemon processing about to start [] []
[2020-10-28 22:47:51] momocanal_service_logger.INFO: checking for pending messages [] []
[2020-10-28 22:47:51] momocanal_service_logger.INFO: Found 1 pending sms [] []
[2020-10-28 22:47:51] momocanal_service_logger.INFO: PDO Exception: There is already an active transaction [] []
[2020-10-28 22:47:54] momocanal_service_logger.INFO: Daemon processing about to start [] []
[2020-10-28 22:47:54] momocanal_service_logger.INFO: checking for pending messages [] []
[2020-10-28 22:47:54] momocanal_service_logger.INFO: Found 1 pending sms [] []
[2020-10-28 22:47:54] momocanal_service_logger.INFO: PDO Exception: There is already an active transaction [] []
[2020-10-28 22:56:30] momocanal_service_logger.INFO: Daemon processing about to start [] []
[2020-10-28 22:56:30] momocanal_service_logger.INFO: checking for pending messages [] []
[2020-10-28 22:56:30] momocanal_service_logger.INFO: Found 1 pending sms [] []
[2020-10-28 22:56:30] momocanal_service_logger.INFO: fetching pending sms [] []
[2020-10-28 22:56:30] momocanal_service_logger.DEBUG: payments: [{}] [] []
[2020-10-28 22:56:30] momocanal_service_logger.INFO: About to update message ID:1 [] []
[2020-10-28 22:56:30] momocanal_service_logger.INFO: Sending message ID:1 [] []
[2020-10-28 22:56:30] momocanal_service_logger.INFO: PDO Exception: SQLSTATE[42S02]: Base table or view not found: 1146 Table 'rvcp.outboundSMS' doesn't exist [] []
[2020-10-28 22:56:33] momocanal_service_logger.INFO: Daemon processing about to start [] []
[2020-10-28 22:56:33] momocanal_service_logger.INFO: checking for pending messages [] []
[2020-10-28 22:56:33] momocanal_service_logger.INFO: Found 1 pending sms [] []
[2020-10-28 22:56:33] momocanal_service_logger.INFO: PDO Exception: There is already an active transaction [] []
[2020-10-28 22:56:36] momocanal_service_logger.INFO: Daemon processing about to start [] []
[2020-10-28 22:56:36] momocanal_service_logger.INFO: checking for pending messages [] []
[2020-10-28 22:56:36] momocanal_service_logger.INFO: Found 1 pending sms [] []
[2020-10-28 22:56:36] momocanal_service_logger.INFO: PDO Exception: There is already an active transaction [] []
[2020-10-28 22:56:39] momocanal_service_logger.INFO: Daemon processing about to start [] []
[2020-10-28 22:56:39] momocanal_service_logger.INFO: checking for pending messages [] []
[2020-10-28 22:56:39] momocanal_service_logger.INFO: Found 1 pending sms [] []
[2020-10-28 22:56:39] momocanal_service_logger.INFO: PDO Exception: There is already an active transaction [] []
[2020-10-28 22:56:42] momocanal_service_logger.INFO: Daemon processing about to start [] []
[2020-10-28 22:56:42] momocanal_service_logger.INFO: checking for pending messages [] []
[2020-10-28 22:56:42] momocanal_service_logger.INFO: Found 1 pending sms [] []
[2020-10-28 22:56:42] momocanal_service_logger.INFO: PDO Exception: There is already an active transaction [] []
[2020-10-28 22:56:45] momocanal_service_logger.INFO: Daemon processing about to start [] []
[2020-10-28 22:56:45] momocanal_service_logger.INFO: checking for pending messages [] []
[2020-10-28 22:56:45] momocanal_service_logger.INFO: Found 1 pending sms [] []
[2020-10-28 22:56:45] momocanal_service_logger.INFO: PDO Exception: There is already an active transaction [] []
[2020-10-28 22:56:48] momocanal_service_logger.INFO: Daemon processing about to start [] []
[2020-10-28 22:56:48] momocanal_service_logger.INFO: checking for pending messages [] []
[2020-10-28 22:56:48] momocanal_service_logger.INFO: Found 1 pending sms [] []
[2020-10-28 22:56:48] momocanal_service_logger.INFO: PDO Exception: There is already an active transaction [] []
[2020-10-28 22:56:51] momocanal_service_logger.INFO: Daemon processing about to start [] []
[2020-10-28 22:56:51] momocanal_service_logger.INFO: checking for pending messages [] []
[2020-10-28 22:56:51] momocanal_service_logger.INFO: Found 1 pending sms [] []
[2020-10-28 22:56:51] momocanal_service_logger.INFO: PDO Exception: There is already an active transaction [] []
[2020-10-28 22:56:54] momocanal_service_logger.INFO: Daemon processing about to start [] []
[2020-10-28 22:56:54] momocanal_service_logger.INFO: checking for pending messages [] []
[2020-10-28 22:56:54] momocanal_service_logger.INFO: Found 1 pending sms [] []
[2020-10-28 22:56:54] momocanal_service_logger.INFO: PDO Exception: There is already an active transaction [] []
[2020-10-28 22:56:57] momocanal_service_logger.INFO: Daemon processing about to start [] []
[2020-10-28 22:56:57] momocanal_service_logger.INFO: checking for pending messages [] []
[2020-10-28 22:56:57] momocanal_service_logger.INFO: Found 1 pending sms [] []
[2020-10-28 22:56:57] momocanal_service_logger.INFO: PDO Exception: There is already an active transaction [] []
[2020-10-28 22:57:00] momocanal_service_logger.INFO: Daemon processing about to start [] []
[2020-10-28 22:57:00] momocanal_service_logger.INFO: checking for pending messages [] []
[2020-10-28 22:57:00] momocanal_service_logger.INFO: Found 1 pending sms [] []
[2020-10-28 22:57:00] momocanal_service_logger.INFO: PDO Exception: There is already an active transaction [] []
[2020-10-28 22:57:03] momocanal_service_logger.INFO: Daemon processing about to start [] []
[2020-10-28 22:57:03] momocanal_service_logger.INFO: checking for pending messages [] []
[2020-10-28 22:57:03] momocanal_service_logger.INFO: Found 1 pending sms [] []
[2020-10-28 22:57:03] momocanal_service_logger.INFO: PDO Exception: There is already an active transaction [] []
[2020-10-28 22:57:06] momocanal_service_logger.INFO: Daemon processing about to start [] []
[2020-10-28 22:57:06] momocanal_service_logger.INFO: checking for pending messages [] []
[2020-10-28 22:57:06] momocanal_service_logger.INFO: Found 1 pending sms [] []
[2020-10-28 22:57:06] momocanal_service_logger.INFO: PDO Exception: There is already an active transaction [] []
[2020-10-28 22:57:09] momocanal_service_logger.INFO: Daemon processing about to start [] []
[2020-10-28 22:57:09] momocanal_service_logger.INFO: checking for pending messages [] []
[2020-10-28 22:57:09] momocanal_service_logger.INFO: Found 1 pending sms [] []
[2020-10-28 22:57:09] momocanal_service_logger.INFO: PDO Exception: There is already an active transaction [] []
[2020-10-28 22:57:12] momocanal_service_logger.INFO: Daemon processing about to start [] []
[2020-10-28 22:57:12] momocanal_service_logger.INFO: checking for pending messages [] []
[2020-10-28 22:57:12] momocanal_service_logger.INFO: Found 1 pending sms [] []
[2020-10-28 22:57:12] momocanal_service_logger.INFO: PDO Exception: There is already an active transaction [] []
[2020-10-28 22:57:15] momocanal_service_logger.INFO: Daemon processing about to start [] []
[2020-10-28 22:57:15] momocanal_service_logger.INFO: checking for pending messages [] []
[2020-10-28 22:57:15] momocanal_service_logger.INFO: Found 1 pending sms [] []
[2020-10-28 22:57:15] momocanal_service_logger.INFO: PDO Exception: There is already an active transaction [] []
[2020-10-28 22:57:18] momocanal_service_logger.INFO: Daemon processing about to start [] []
[2020-10-28 22:57:18] momocanal_service_logger.INFO: checking for pending messages [] []
[2020-10-28 22:57:18] momocanal_service_logger.INFO: Found 1 pending sms [] []
[2020-10-28 22:57:18] momocanal_service_logger.INFO: PDO Exception: There is already an active transaction [] []
[2020-10-28 22:57:21] momocanal_service_logger.INFO: Daemon processing about to start [] []
[2020-10-28 22:57:21] momocanal_service_logger.INFO: checking for pending messages [] []
[2020-10-28 22:57:21] momocanal_service_logger.INFO: Found 1 pending sms [] []
[2020-10-28 22:57:21] momocanal_service_logger.INFO: PDO Exception: There is already an active transaction [] []
[2020-10-28 22:57:24] momocanal_service_logger.INFO: Daemon processing about to start [] []
[2020-10-28 22:57:24] momocanal_service_logger.INFO: checking for pending messages [] []
[2020-10-28 22:57:24] momocanal_service_logger.INFO: Found 1 pending sms [] []
[2020-10-28 22:57:24] momocanal_service_logger.INFO: PDO Exception: There is already an active transaction [] []
[2020-10-28 22:57:27] momocanal_service_logger.INFO: Daemon processing about to start [] []
[2020-10-28 22:57:27] momocanal_service_logger.INFO: checking for pending messages [] []
[2020-10-28 22:57:27] momocanal_service_logger.INFO: Found 1 pending sms [] []
[2020-10-28 22:57:27] momocanal_service_logger.INFO: PDO Exception: There is already an active transaction [] []
[2020-10-28 22:57:30] momocanal_service_logger.INFO: Daemon processing about to start [] []
[2020-10-28 22:57:30] momocanal_service_logger.INFO: checking for pending messages [] []
[2020-10-28 22:57:30] momocanal_service_logger.INFO: Found 1 pending sms [] []
[2020-10-28 22:57:30] momocanal_service_logger.INFO: PDO Exception: There is already an active transaction [] []
[2020-10-28 22:57:33] momocanal_service_logger.INFO: Daemon processing about to start [] []
[2020-10-28 22:57:33] momocanal_service_logger.INFO: checking for pending messages [] []
[2020-10-28 22:57:33] momocanal_service_logger.INFO: Found 1 pending sms [] []
[2020-10-28 22:57:33] momocanal_service_logger.INFO: PDO Exception: There is already an active transaction [] []
[2020-10-28 22:57:36] momocanal_service_logger.INFO: Daemon processing about to start [] []
[2020-10-28 22:57:36] momocanal_service_logger.INFO: checking for pending messages [] []
[2020-10-28 22:57:36] momocanal_service_logger.INFO: Found 1 pending sms [] []
[2020-10-28 22:57:36] momocanal_service_logger.INFO: PDO Exception: There is already an active transaction [] []
[2020-10-28 22:57:39] momocanal_service_logger.INFO: Daemon processing about to start [] []
[2020-10-28 22:57:39] momocanal_service_logger.INFO: checking for pending messages [] []
[2020-10-28 22:57:39] momocanal_service_logger.INFO: Found 1 pending sms [] []
[2020-10-28 22:57:39] momocanal_service_logger.INFO: PDO Exception: There is already an active transaction [] []
[2020-10-28 22:57:42] momocanal_service_logger.INFO: Daemon processing about to start [] []
[2020-10-28 22:57:42] momocanal_service_logger.INFO: checking for pending messages [] []
[2020-10-28 22:57:42] momocanal_service_logger.INFO: Found 1 pending sms [] []
[2020-10-28 22:57:42] momocanal_service_logger.INFO: PDO Exception: There is already an active transaction [] []
[2020-10-28 22:57:45] momocanal_service_logger.INFO: Daemon processing about to start [] []
[2020-10-28 22:57:45] momocanal_service_logger.INFO: checking for pending messages [] []
[2020-10-28 22:57:45] momocanal_service_logger.INFO: Found 1 pending sms [] []
[2020-10-28 22:57:45] momocanal_service_logger.INFO: PDO Exception: There is already an active transaction [] []
[2020-10-28 22:57:48] momocanal_service_logger.INFO: Daemon processing about to start [] []
[2020-10-28 22:57:48] momocanal_service_logger.INFO: checking for pending messages [] []
[2020-10-28 22:57:48] momocanal_service_logger.INFO: Found 1 pending sms [] []
[2020-10-28 22:57:48] momocanal_service_logger.INFO: PDO Exception: There is already an active transaction [] []
[2020-10-28 22:57:51] momocanal_service_logger.INFO: Daemon processing about to start [] []
[2020-10-28 22:57:51] momocanal_service_logger.INFO: checking for pending messages [] []
[2020-10-28 22:57:51] momocanal_service_logger.INFO: Found 1 pending sms [] []
[2020-10-28 22:57:51] momocanal_service_logger.INFO: PDO Exception: There is already an active transaction [] []
[2020-10-28 22:57:54] momocanal_service_logger.INFO: Daemon processing about to start [] []
[2020-10-28 22:57:54] momocanal_service_logger.INFO: checking for pending messages [] []
[2020-10-28 22:57:54] momocanal_service_logger.INFO: Found 1 pending sms [] []
[2020-10-28 22:57:54] momocanal_service_logger.INFO: PDO Exception: There is already an active transaction [] []
[2020-10-28 22:57:55] momocanal_service_logger.INFO: Daemon processing about to start [] []
[2020-10-28 22:57:55] momocanal_service_logger.INFO: checking for pending messages [] []
[2020-10-28 22:57:55] momocanal_service_logger.INFO: Found 1 pending sms [] []
[2020-10-28 22:57:55] momocanal_service_logger.INFO: PDO Exception: There is already an active transaction [] []
[2020-10-28 22:57:58] momocanal_service_logger.INFO: Daemon processing about to start [] []
[2020-10-28 22:57:58] momocanal_service_logger.INFO: checking for pending messages [] []
[2020-10-28 22:57:58] momocanal_service_logger.INFO: Found 1 pending sms [] []
[2020-10-28 22:57:58] momocanal_service_logger.INFO: PDO Exception: There is already an active transaction [] []
[2020-10-28 22:58:01] momocanal_service_logger.INFO: Daemon processing about to start [] []
[2020-10-28 22:58:01] momocanal_service_logger.INFO: checking for pending messages [] []
[2020-10-28 22:58:01] momocanal_service_logger.INFO: Found 1 pending sms [] []
[2020-10-28 22:58:01] momocanal_service_logger.INFO: PDO Exception: There is already an active transaction [] []
[2020-10-28 22:58:04] momocanal_service_logger.INFO: Daemon processing about to start [] []
[2020-10-28 22:58:04] momocanal_service_logger.INFO: checking for pending messages [] []
[2020-10-28 22:58:04] momocanal_service_logger.INFO: Found 1 pending sms [] []
[2020-10-28 22:58:04] momocanal_service_logger.INFO: PDO Exception: There is already an active transaction [] []
[2020-10-28 22:58:07] momocanal_service_logger.INFO: Daemon processing about to start [] []
[2020-10-28 22:58:07] momocanal_service_logger.INFO: checking for pending messages [] []
[2020-10-28 22:58:07] momocanal_service_logger.INFO: Found 1 pending sms [] []
[2020-10-28 22:58:07] momocanal_service_logger.INFO: PDO Exception: There is already an active transaction [] []
[2020-10-28 22:58:10] momocanal_service_logger.INFO: Daemon processing about to start [] []
[2020-10-28 22:58:10] momocanal_service_logger.INFO: checking for pending messages [] []
[2020-10-28 22:58:10] momocanal_service_logger.INFO: Found 1 pending sms [] []
[2020-10-28 22:58:10] momocanal_service_logger.INFO: PDO Exception: There is already an active transaction [] []
[2020-10-28 22:58:13] momocanal_service_logger.INFO: Daemon processing about to start [] []
[2020-10-28 22:58:13] momocanal_service_logger.INFO: checking for pending messages [] []
[2020-10-28 22:58:13] momocanal_service_logger.INFO: Found 1 pending sms [] []
[2020-10-28 22:58:13] momocanal_service_logger.INFO: PDO Exception: There is already an active transaction [] []
[2020-10-28 22:58:16] momocanal_service_logger.INFO: Daemon processing about to start [] []
[2020-10-28 22:58:16] momocanal_service_logger.INFO: checking for pending messages [] []
[2020-10-28 22:58:16] momocanal_service_logger.INFO: Found 1 pending sms [] []
[2020-10-28 22:58:16] momocanal_service_logger.INFO: PDO Exception: There is already an active transaction [] []
[2020-10-28 22:58:19] momocanal_service_logger.INFO: Daemon processing about to start [] []
[2020-10-28 22:58:19] momocanal_service_logger.INFO: checking for pending messages [] []
[2020-10-28 22:58:19] momocanal_service_logger.INFO: Found 1 pending sms [] []
[2020-10-28 22:58:19] momocanal_service_logger.INFO: PDO Exception: There is already an active transaction [] []
[2020-10-28 22:58:22] momocanal_service_logger.INFO: Daemon processing about to start [] []
[2020-10-28 22:58:22] momocanal_service_logger.INFO: checking for pending messages [] []
[2020-10-28 22:58:22] momocanal_service_logger.INFO: Found 1 pending sms [] []
[2020-10-28 22:58:22] momocanal_service_logger.INFO: PDO Exception: There is already an active transaction [] []
[2020-10-28 23:11:03] momocanal_service_logger.INFO: Daemon processing about to start [] []
[2020-10-28 23:11:03] momocanal_service_logger.INFO: checking for pending messages [] []
[2020-10-28 23:11:03] momocanal_service_logger.INFO: Found 1 pending sms [] []
[2020-10-28 23:19:31] momocanal_service_logger.INFO: Daemon processing about to start [] []
[2020-10-28 23:19:31] momocanal_service_logger.INFO: checking for pending messages [] []
[2020-10-28 23:19:32] momocanal_service_logger.INFO: Found 1 pending sms [] []
[2020-10-28 23:19:32] momocanal_service_logger.INFO: fetching pending sms [] []
[2020-10-28 23:19:32] momocanal_service_logger.DEBUG: [{}] [] []
[2020-10-28 23:19:32] momocanal_service_logger.INFO: About to update message ID:1 [] []
[2020-10-28 23:19:32] momocanal_service_logger.INFO: Sending message ID:1 [] []
[2020-10-28 23:19:32] momocanal_service_logger.INFO: PDO Exception: SQLSTATE[42S02]: Base table or view not found: 1146 Table 'rvcp.outboundSMS' doesn't exist [] []
[2020-10-28 23:19:35] momocanal_service_logger.INFO: Daemon processing about to start [] []
[2020-10-28 23:19:35] momocanal_service_logger.INFO: checking for pending messages [] []
[2020-10-28 23:19:35] momocanal_service_logger.INFO: Found 1 pending sms [] []
[2020-10-28 23:19:35] momocanal_service_logger.INFO: fetching pending sms [] []
[2020-10-28 23:19:35] momocanal_service_logger.DEBUG: [{}] [] []
[2020-10-28 23:19:35] momocanal_service_logger.INFO: About to update message ID:1 [] []
[2020-10-28 23:19:35] momocanal_service_logger.INFO: Sending message ID:1 [] []
[2020-10-28 23:19:35] momocanal_service_logger.INFO: PDO Exception: SQLSTATE[42S02]: Base table or view not found: 1146 Table 'rvcp.outboundSMS' doesn't exist [] []
[2020-10-28 23:19:38] momocanal_service_logger.INFO: Daemon processing about to start [] []
[2020-10-28 23:19:38] momocanal_service_logger.INFO: checking for pending messages [] []
[2020-10-28 23:19:38] momocanal_service_logger.INFO: Found 1 pending sms [] []
[2020-10-28 23:19:38] momocanal_service_logger.INFO: fetching pending sms [] []
[2020-10-28 23:19:38] momocanal_service_logger.DEBUG: [{}] [] []
[2020-10-28 23:19:38] momocanal_service_logger.INFO: About to update message ID:1 [] []
[2020-10-28 23:19:38] momocanal_service_logger.INFO: Sending message ID:1 [] []
[2020-10-28 23:19:38] momocanal_service_logger.INFO: PDO Exception: SQLSTATE[42S02]: Base table or view not found: 1146 Table 'rvcp.outboundSMS' doesn't exist [] []
[2020-10-28 23:19:41] momocanal_service_logger.INFO: Daemon processing about to start [] []
[2020-10-28 23:19:41] momocanal_service_logger.INFO: checking for pending messages [] []
[2020-10-28 23:19:41] momocanal_service_logger.INFO: Found 1 pending sms [] []
[2020-10-28 23:19:41] momocanal_service_logger.INFO: fetching pending sms [] []
[2020-10-28 23:19:41] momocanal_service_logger.DEBUG: [{}] [] []
[2020-10-28 23:19:41] momocanal_service_logger.INFO: About to update message ID:1 [] []
[2020-10-28 23:19:41] momocanal_service_logger.INFO: Sending message ID:1 [] []
[2020-10-28 23:19:41] momocanal_service_logger.INFO: PDO Exception: SQLSTATE[42S02]: Base table or view not found: 1146 Table 'rvcp.outboundSMS' doesn't exist [] []
[2020-10-28 23:19:44] momocanal_service_logger.INFO: Daemon processing about to start [] []
[2020-10-28 23:19:44] momocanal_service_logger.INFO: checking for pending messages [] []
[2020-10-28 23:19:44] momocanal_service_logger.INFO: Found 1 pending sms [] []
[2020-10-28 23:19:44] momocanal_service_logger.INFO: fetching pending sms [] []
[2020-10-28 23:19:44] momocanal_service_logger.DEBUG: [{}] [] []
[2020-10-28 23:19:44] momocanal_service_logger.INFO: About to update message ID:1 [] []
[2020-10-28 23:19:44] momocanal_service_logger.INFO: Sending message ID:1 [] []
[2020-10-28 23:19:44] momocanal_service_logger.INFO: PDO Exception: SQLSTATE[42S02]: Base table or view not found: 1146 Table 'rvcp.outboundSMS' doesn't exist [] []
[2020-10-28 23:19:47] momocanal_service_logger.INFO: Daemon processing about to start [] []
[2020-10-28 23:19:47] momocanal_service_logger.INFO: checking for pending messages [] []
[2020-10-28 23:19:47] momocanal_service_logger.INFO: Found 1 pending sms [] []
[2020-10-28 23:19:47] momocanal_service_logger.INFO: fetching pending sms [] []
[2020-10-28 23:19:47] momocanal_service_logger.DEBUG: [{}] [] []
[2020-10-28 23:19:47] momocanal_service_logger.INFO: About to update message ID:1 [] []
[2020-10-28 23:19:47] momocanal_service_logger.INFO: Sending message ID:1 [] []
[2020-10-28 23:19:47] momocanal_service_logger.INFO: PDO Exception: SQLSTATE[42S02]: Base table or view not found: 1146 Table 'rvcp.outboundSMS' doesn't exist [] []
[2020-10-28 23:19:50] momocanal_service_logger.INFO: Daemon processing about to start [] []
[2020-10-28 23:19:50] momocanal_service_logger.INFO: checking for pending messages [] []
[2020-10-28 23:19:50] momocanal_service_logger.INFO: Found 1 pending sms [] []
[2020-10-28 23:19:50] momocanal_service_logger.INFO: fetching pending sms [] []
[2020-10-28 23:19:50] momocanal_service_logger.DEBUG: [{}] [] []
[2020-10-28 23:19:50] momocanal_service_logger.INFO: About to update message ID:1 [] []
[2020-10-28 23:19:50] momocanal_service_logger.INFO: Sending message ID:1 [] []
[2020-10-28 23:19:50] momocanal_service_logger.INFO: PDO Exception: SQLSTATE[42S02]: Base table or view not found: 1146 Table 'rvcp.outboundSMS' doesn't exist [] []
[2020-10-28 23:19:53] momocanal_service_logger.INFO: Daemon processing about to start [] []
[2020-10-28 23:19:53] momocanal_service_logger.INFO: checking for pending messages [] []
[2020-10-28 23:19:53] momocanal_service_logger.INFO: Found 1 pending sms [] []
[2020-10-28 23:19:53] momocanal_service_logger.INFO: fetching pending sms [] []
[2020-10-28 23:19:53] momocanal_service_logger.DEBUG: [{}] [] []
[2020-10-28 23:19:53] momocanal_service_logger.INFO: About to update message ID:1 [] []
[2020-10-28 23:19:53] momocanal_service_logger.INFO: Sending message ID:1 [] []
[2020-10-28 23:19:53] momocanal_service_logger.INFO: PDO Exception: SQLSTATE[42S02]: Base table or view not found: 1146 Table 'rvcp.outboundSMS' doesn't exist [] []
[2020-10-28 23:19:56] momocanal_service_logger.INFO: Daemon processing about to start [] []
[2020-10-28 23:19:56] momocanal_service_logger.INFO: checking for pending messages [] []
[2020-10-28 23:19:56] momocanal_service_logger.INFO: Found 1 pending sms [] []
[2020-10-28 23:19:56] momocanal_service_logger.INFO: fetching pending sms [] []
[2020-10-28 23:19:56] momocanal_service_logger.DEBUG: [{}] [] []
[2020-10-28 23:19:56] momocanal_service_logger.INFO: About to update message ID:1 [] []
[2020-10-28 23:19:56] momocanal_service_logger.INFO: Sending message ID:1 [] []
[2020-10-28 23:19:56] momocanal_service_logger.INFO: PDO Exception: SQLSTATE[42S02]: Base table or view not found: 1146 Table 'rvcp.outboundSMS' doesn't exist [] []
[2020-10-28 23:19:59] momocanal_service_logger.INFO: Daemon processing about to start [] []
[2020-10-28 23:19:59] momocanal_service_logger.INFO: checking for pending messages [] []
[2020-10-28 23:19:59] momocanal_service_logger.INFO: Found 1 pending sms [] []
[2020-10-28 23:19:59] momocanal_service_logger.INFO: fetching pending sms [] []
[2020-10-28 23:19:59] momocanal_service_logger.DEBUG: [{}] [] []
[2020-10-28 23:19:59] momocanal_service_logger.INFO: About to update message ID:1 [] []
[2020-10-28 23:19:59] momocanal_service_logger.INFO: Sending message ID:1 [] []
[2020-10-28 23:19:59] momocanal_service_logger.INFO: PDO Exception: SQLSTATE[42S02]: Base table or view not found: 1146 Table 'rvcp.outboundSMS' doesn't exist [] []
[2020-10-28 23:20:02] momocanal_service_logger.INFO: Daemon processing about to start [] []
[2020-10-28 23:20:02] momocanal_service_logger.INFO: checking for pending messages [] []
[2020-10-28 23:20:02] momocanal_service_logger.INFO: Found 1 pending sms [] []
[2020-10-28 23:20:02] momocanal_service_logger.INFO: fetching pending sms [] []
[2020-10-28 23:20:02] momocanal_service_logger.DEBUG: [{}] [] []
[2020-10-28 23:20:02] momocanal_service_logger.INFO: About to update message ID:1 [] []
[2020-10-28 23:20:02] momocanal_service_logger.INFO: Sending message ID:1 [] []
[2020-10-28 23:20:02] momocanal_service_logger.INFO: PDO Exception: SQLSTATE[42S02]: Base table or view not found: 1146 Table 'rvcp.outboundSMS' doesn't exist [] []
[2020-10-28 23:20:05] momocanal_service_logger.INFO: Daemon processing about to start [] []
[2020-10-28 23:20:05] momocanal_service_logger.INFO: checking for pending messages [] []
[2020-10-28 23:20:05] momocanal_service_logger.INFO: Found 1 pending sms [] []
[2020-10-28 23:20:05] momocanal_service_logger.INFO: fetching pending sms [] []
[2020-10-28 23:20:05] momocanal_service_logger.DEBUG: [{}] [] []
[2020-10-28 23:20:05] momocanal_service_logger.INFO: About to update message ID:1 [] []
[2020-10-28 23:20:05] momocanal_service_logger.INFO: Sending message ID:1 [] []
[2020-10-28 23:20:05] momocanal_service_logger.INFO: PDO Exception: SQLSTATE[42S02]: Base table or view not found: 1146 Table 'rvcp.outboundSMS' doesn't exist [] []
[2020-10-28 23:20:08] momocanal_service_logger.INFO: Daemon processing about to start [] []
[2020-10-28 23:20:08] momocanal_service_logger.INFO: checking for pending messages [] []
[2020-10-28 23:20:08] momocanal_service_logger.INFO: Found 1 pending sms [] []
[2020-10-28 23:20:08] momocanal_service_logger.INFO: fetching pending sms [] []
[2020-10-28 23:20:08] momocanal_service_logger.DEBUG: [{}] [] []
[2020-10-28 23:20:08] momocanal_service_logger.INFO: About to update message ID:1 [] []
[2020-10-28 23:20:08] momocanal_service_logger.INFO: Sending message ID:1 [] []
[2020-10-28 23:20:08] momocanal_service_logger.INFO: PDO Exception: SQLSTATE[42S02]: Base table or view not found: 1146 Table 'rvcp.outboundSMS' doesn't exist [] []
[2020-10-28 23:20:10] momocanal_service_logger.INFO: Daemon processing about to start [] []
[2020-10-28 23:20:10] momocanal_service_logger.INFO: checking for pending messages [] []
[2020-10-28 23:20:10] momocanal_service_logger.INFO: Found 1 pending sms [] []
[2020-10-28 23:20:10] momocanal_service_logger.INFO: fetching pending sms [] []
[2020-10-28 23:20:10] momocanal_service_logger.DEBUG: [{}] [] []
[2020-10-28 23:20:10] momocanal_service_logger.INFO: About to update message ID:1 [] []
[2020-10-28 23:20:10] momocanal_service_logger.INFO: Sending message ID:1 [] []
[2020-10-28 23:20:10] momocanal_service_logger.INFO: PDO Exception: SQLSTATE[42S02]: Base table or view not found: 1146 Table 'rvcp.outboundSMS' doesn't exist [] []
[2020-10-28 23:20:13] momocanal_service_logger.INFO: Daemon processing about to start [] []
[2020-10-28 23:20:13] momocanal_service_logger.INFO: checking for pending messages [] []
[2020-10-28 23:20:13] momocanal_service_logger.INFO: Found 1 pending sms [] []
[2020-10-28 23:20:13] momocanal_service_logger.INFO: fetching pending sms [] []
[2020-10-28 23:20:13] momocanal_service_logger.DEBUG: [{}] [] []
[2020-10-28 23:20:13] momocanal_service_logger.INFO: About to update message ID:1 [] []
[2020-10-28 23:20:13] momocanal_service_logger.INFO: Sending message ID:1 [] []
[2020-10-28 23:20:13] momocanal_service_logger.INFO: PDO Exception: SQLSTATE[42S02]: Base table or view not found: 1146 Table 'rvcp.outboundSMS' doesn't exist [] []
[2020-10-28 23:20:16] momocanal_service_logger.INFO: Daemon processing about to start [] []
[2020-10-28 23:20:16] momocanal_service_logger.INFO: checking for pending messages [] []
[2020-10-28 23:20:16] momocanal_service_logger.INFO: Found 1 pending sms [] []
[2020-10-28 23:20:16] momocanal_service_logger.INFO: fetching pending sms [] []
[2020-10-28 23:20:16] momocanal_service_logger.DEBUG: [{}] [] []
[2020-10-28 23:20:16] momocanal_service_logger.INFO: About to update message ID:1 [] []
[2020-10-28 23:20:16] momocanal_service_logger.INFO: Sending message ID:1 [] []
[2020-10-28 23:20:16] momocanal_service_logger.INFO: PDO Exception: SQLSTATE[42S02]: Base table or view not found: 1146 Table 'rvcp.outboundSMS' doesn't exist [] []
[2020-10-28 23:20:19] momocanal_service_logger.INFO: Daemon processing about to start [] []
[2020-10-28 23:20:19] momocanal_service_logger.INFO: checking for pending messages [] []
[2020-10-28 23:20:19] momocanal_service_logger.INFO: Found 1 pending sms [] []
[2020-10-28 23:20:19] momocanal_service_logger.INFO: fetching pending sms [] []
[2020-10-28 23:20:19] momocanal_service_logger.DEBUG: [{}] [] []
[2020-10-28 23:20:19] momocanal_service_logger.INFO: About to update message ID:1 [] []
[2020-10-28 23:20:19] momocanal_service_logger.INFO: Sending message ID:1 [] []
[2020-10-28 23:20:19] momocanal_service_logger.INFO: PDO Exception: SQLSTATE[42S02]: Base table or view not found: 1146 Table 'rvcp.outboundSMS' doesn't exist [] []
[2020-10-28 23:20:22] momocanal_service_logger.INFO: Daemon processing about to start [] []
[2020-10-28 23:20:22] momocanal_service_logger.INFO: checking for pending messages [] []
[2020-10-28 23:20:22] momocanal_service_logger.INFO: Found 1 pending sms [] []
[2020-10-28 23:20:22] momocanal_service_logger.INFO: fetching pending sms [] []
[2020-10-28 23:20:22] momocanal_service_logger.DEBUG: [{}] [] []
[2020-10-28 23:20:22] momocanal_service_logger.INFO: About to update message ID:1 [] []
[2020-10-28 23:20:22] momocanal_service_logger.INFO: Sending message ID:1 [] []
[2020-10-28 23:20:22] momocanal_service_logger.INFO: PDO Exception: SQLSTATE[42S02]: Base table or view not found: 1146 Table 'rvcp.outboundSMS' doesn't exist [] []
[2020-10-28 23:20:25] momocanal_service_logger.INFO: Daemon processing about to start [] []
[2020-10-28 23:20:25] momocanal_service_logger.INFO: checking for pending messages [] []
[2020-10-28 23:20:25] momocanal_service_logger.INFO: Found 1 pending sms [] []
[2020-10-28 23:20:25] momocanal_service_logger.INFO: fetching pending sms [] []
[2020-10-28 23:20:25] momocanal_service_logger.DEBUG: [{}] [] []
[2020-10-28 23:20:25] momocanal_service_logger.INFO: About to update message ID:1 [] []
[2020-10-28 23:20:25] momocanal_service_logger.INFO: Sending message ID:1 [] []
[2020-10-28 23:20:25] momocanal_service_logger.INFO: PDO Exception: SQLSTATE[42S02]: Base table or view not found: 1146 Table 'rvcp.outboundSMS' doesn't exist [] []
[2020-10-28 23:20:28] momocanal_service_logger.INFO: Daemon processing about to start [] []
[2020-10-28 23:20:28] momocanal_service_logger.INFO: checking for pending messages [] []
[2020-10-28 23:20:28] momocanal_service_logger.INFO: Found 1 pending sms [] []
[2020-10-28 23:20:28] momocanal_service_logger.INFO: fetching pending sms [] []
[2020-10-28 23:20:28] momocanal_service_logger.DEBUG: [{}] [] []
[2020-10-28 23:20:28] momocanal_service_logger.INFO: About to update message ID:1 [] []
[2020-10-28 23:20:28] momocanal_service_logger.INFO: Sending message ID:1 [] []
[2020-10-28 23:20:28] momocanal_service_logger.INFO: PDO Exception: SQLSTATE[42S02]: Base table or view not found: 1146 Table 'rvcp.outboundSMS' doesn't exist [] []
[2020-10-28 23:20:31] momocanal_service_logger.INFO: Daemon processing about to start [] []
[2020-10-28 23:20:31] momocanal_service_logger.INFO: checking for pending messages [] []
[2020-10-28 23:20:31] momocanal_service_logger.INFO: Found 1 pending sms [] []
[2020-10-28 23:20:31] momocanal_service_logger.INFO: fetching pending sms [] []
[2020-10-28 23:20:31] momocanal_service_logger.DEBUG: [{}] [] []
[2020-10-28 23:20:31] momocanal_service_logger.INFO: About to update message ID:1 [] []
[2020-10-28 23:20:31] momocanal_service_logger.INFO: Sending message ID:1 [] []
[2020-10-28 23:20:31] momocanal_service_logger.INFO: PDO Exception: SQLSTATE[42S02]: Base table or view not found: 1146 Table 'rvcp.outboundSMS' doesn't exist [] []
[2020-10-28 23:20:34] momocanal_service_logger.INFO: Daemon processing about to start [] []
[2020-10-28 23:20:34] momocanal_service_logger.INFO: checking for pending messages [] []
[2020-10-28 23:20:34] momocanal_service_logger.INFO: Found 1 pending sms [] []
[2020-10-28 23:20:34] momocanal_service_logger.INFO: fetching pending sms [] []
[2020-10-28 23:20:34] momocanal_service_logger.DEBUG: [{}] [] []
[2020-10-28 23:20:34] momocanal_service_logger.INFO: About to update message ID:1 [] []
[2020-10-28 23:20:34] momocanal_service_logger.INFO: Sending message ID:1 [] []
[2020-10-28 23:20:34] momocanal_service_logger.INFO: PDO Exception: SQLSTATE[42S02]: Base table or view not found: 1146 Table 'rvcp.outboundSMS' doesn't exist [] []
[2020-10-28 23:20:37] momocanal_service_logger.INFO: Daemon processing about to start [] []
[2020-10-28 23:20:37] momocanal_service_logger.INFO: checking for pending messages [] []
[2020-10-28 23:20:37] momocanal_service_logger.INFO: Found 1 pending sms [] []
[2020-10-28 23:20:37] momocanal_service_logger.INFO: fetching pending sms [] []
[2020-10-28 23:20:37] momocanal_service_logger.DEBUG: [{}] [] []
[2020-10-28 23:20:37] momocanal_service_logger.INFO: About to update message ID:1 [] []
[2020-10-28 23:20:37] momocanal_service_logger.INFO: Sending message ID:1 [] []
[2020-10-28 23:20:37] momocanal_service_logger.INFO: PDO Exception: SQLSTATE[42S02]: Base table or view not found: 1146 Table 'rvcp.outboundSMS' doesn't exist [] []
[2020-10-28 23:22:32] momocanal_service_logger.INFO: Daemon processing about to start [] []
[2020-10-28 23:22:32] momocanal_service_logger.INFO: checking for pending messages [] []
[2020-10-28 23:22:32] momocanal_service_logger.INFO: Found 1 pending sms [] []
[2020-10-28 23:22:32] momocanal_service_logger.INFO: fetching pending sms [] []
[2020-10-28 23:22:32] momocanal_service_logger.DEBUG: [{}] [] []
[2020-10-28 23:22:32] momocanal_service_logger.INFO: About to update message ID:1 [] []
[2020-10-28 23:22:32] momocanal_service_logger.INFO: Sending message ID:1 [] []
[2020-10-28 23:22:32] momocanal_service_logger.INFO: PDO Exception: SQLSTATE[42S22]: Column not found: 1054 Unknown column 'id' in 'where clause' [] []
[2020-10-28 23:22:35] momocanal_service_logger.INFO: Daemon processing about to start [] []
[2020-10-28 23:22:35] momocanal_service_logger.INFO: checking for pending messages [] []
[2020-10-28 23:22:35] momocanal_service_logger.INFO: Found 1 pending sms [] []
[2020-10-28 23:22:35] momocanal_service_logger.INFO: fetching pending sms [] []
[2020-10-28 23:22:35] momocanal_service_logger.DEBUG: [{}] [] []
[2020-10-28 23:22:35] momocanal_service_logger.INFO: About to update message ID:1 [] []
[2020-10-28 23:22:35] momocanal_service_logger.INFO: Sending message ID:1 [] []
[2020-10-28 23:22:35] momocanal_service_logger.INFO: PDO Exception: SQLSTATE[42S22]: Column not found: 1054 Unknown column 'id' in 'where clause' [] []
[2020-10-28 23:22:38] momocanal_service_logger.INFO: Daemon processing about to start [] []
[2020-10-28 23:22:38] momocanal_service_logger.INFO: checking for pending messages [] []
[2020-10-28 23:22:38] momocanal_service_logger.INFO: Found 1 pending sms [] []
[2020-10-28 23:22:38] momocanal_service_logger.INFO: fetching pending sms [] []
[2020-10-28 23:22:38] momocanal_service_logger.DEBUG: [{}] [] []
[2020-10-28 23:22:38] momocanal_service_logger.INFO: About to update message ID:1 [] []
[2020-10-28 23:22:38] momocanal_service_logger.INFO: Sending message ID:1 [] []
[2020-10-28 23:22:38] momocanal_service_logger.INFO: PDO Exception: SQLSTATE[42S22]: Column not found: 1054 Unknown column 'id' in 'where clause' [] []
[2020-10-28 23:22:41] momocanal_service_logger.INFO: Daemon processing about to start [] []
[2020-10-28 23:22:41] momocanal_service_logger.INFO: checking for pending messages [] []
[2020-10-28 23:22:41] momocanal_service_logger.INFO: Found 1 pending sms [] []
[2020-10-28 23:22:41] momocanal_service_logger.INFO: fetching pending sms [] []
[2020-10-28 23:22:41] momocanal_service_logger.DEBUG: [{}] [] []
[2020-10-28 23:22:41] momocanal_service_logger.INFO: About to update message ID:1 [] []
[2020-10-28 23:22:41] momocanal_service_logger.INFO: Sending message ID:1 [] []
[2020-10-28 23:22:41] momocanal_service_logger.INFO: PDO Exception: SQLSTATE[42S22]: Column not found: 1054 Unknown column 'id' in 'where clause' [] []
[2020-10-28 23:22:44] momocanal_service_logger.INFO: Daemon processing about to start [] []
[2020-10-28 23:22:44] momocanal_service_logger.INFO: checking for pending messages [] []
[2020-10-28 23:22:44] momocanal_service_logger.INFO: Found 1 pending sms [] []
[2020-10-28 23:22:44] momocanal_service_logger.INFO: fetching pending sms [] []
[2020-10-28 23:22:44] momocanal_service_logger.DEBUG: [{}] [] []
[2020-10-28 23:22:44] momocanal_service_logger.INFO: About to update message ID:1 [] []
[2020-10-28 23:22:44] momocanal_service_logger.INFO: Sending message ID:1 [] []
[2020-10-28 23:22:44] momocanal_service_logger.INFO: PDO Exception: SQLSTATE[42S22]: Column not found: 1054 Unknown column 'id' in 'where clause' [] []
[2020-10-28 23:22:47] momocanal_service_logger.INFO: Daemon processing about to start [] []
[2020-10-28 23:22:47] momocanal_service_logger.INFO: checking for pending messages [] []
[2020-10-28 23:22:47] momocanal_service_logger.INFO: Found 1 pending sms [] []
[2020-10-28 23:22:47] momocanal_service_logger.INFO: fetching pending sms [] []
[2020-10-28 23:22:47] momocanal_service_logger.DEBUG: [{}] [] []
[2020-10-28 23:22:47] momocanal_service_logger.INFO: About to update message ID:1 [] []
[2020-10-28 23:22:47] momocanal_service_logger.INFO: Sending message ID:1 [] []
[2020-10-28 23:22:47] momocanal_service_logger.INFO: PDO Exception: SQLSTATE[42S22]: Column not found: 1054 Unknown column 'id' in 'where clause' [] []
[2020-10-28 23:22:50] momocanal_service_logger.INFO: Daemon processing about to start [] []
[2020-10-28 23:22:50] momocanal_service_logger.INFO: checking for pending messages [] []
[2020-10-28 23:22:50] momocanal_service_logger.INFO: Found 1 pending sms [] []
[2020-10-28 23:22:50] momocanal_service_logger.INFO: fetching pending sms [] []
[2020-10-28 23:22:50] momocanal_service_logger.DEBUG: [{}] [] []
[2020-10-28 23:22:50] momocanal_service_logger.INFO: About to update message ID:1 [] []
[2020-10-28 23:22:50] momocanal_service_logger.INFO: Sending message ID:1 [] []
[2020-10-28 23:22:50] momocanal_service_logger.INFO: PDO Exception: SQLSTATE[42S22]: Column not found: 1054 Unknown column 'id' in 'where clause' [] []
[2020-10-28 23:22:53] momocanal_service_logger.INFO: Daemon processing about to start [] []
[2020-10-28 23:22:53] momocanal_service_logger.INFO: checking for pending messages [] []
[2020-10-28 23:22:53] momocanal_service_logger.INFO: Found 1 pending sms [] []
[2020-10-28 23:22:53] momocanal_service_logger.INFO: fetching pending sms [] []
[2020-10-28 23:22:53] momocanal_service_logger.DEBUG: [{}] [] []
[2020-10-28 23:22:53] momocanal_service_logger.INFO: About to update message ID:1 [] []
[2020-10-28 23:22:53] momocanal_service_logger.INFO: Sending message ID:1 [] []
[2020-10-28 23:22:53] momocanal_service_logger.INFO: PDO Exception: SQLSTATE[42S22]: Column not found: 1054 Unknown column 'id' in 'where clause' [] []
[2020-10-28 23:22:53] momocanal_service_logger.INFO: Daemon processing about to start [] []
[2020-10-28 23:22:53] momocanal_service_logger.INFO: checking for pending messages [] []
[2020-10-28 23:22:53] momocanal_service_logger.INFO: Found 1 pending sms [] []
[2020-10-28 23:22:53] momocanal_service_logger.INFO: fetching pending sms [] []
[2020-10-28 23:22:53] momocanal_service_logger.DEBUG: [{}] [] []
[2020-10-28 23:22:53] momocanal_service_logger.INFO: About to update message ID:1 [] []
[2020-10-28 23:22:53] momocanal_service_logger.INFO: Sending message ID:1 [] []
[2020-10-28 23:22:53] momocanal_service_logger.INFO: PDO Exception: SQLSTATE[42S22]: Column not found: 1054 Unknown column 'id' in 'where clause' [] []
[2020-10-28 23:22:56] momocanal_service_logger.INFO: Daemon processing about to start [] []
[2020-10-28 23:22:56] momocanal_service_logger.INFO: checking for pending messages [] []
[2020-10-28 23:22:56] momocanal_service_logger.INFO: Found 1 pending sms [] []
[2020-10-28 23:22:56] momocanal_service_logger.INFO: fetching pending sms [] []
[2020-10-28 23:22:56] momocanal_service_logger.DEBUG: [{}] [] []
[2020-10-28 23:22:56] momocanal_service_logger.INFO: About to update message ID:1 [] []
[2020-10-28 23:22:56] momocanal_service_logger.INFO: Sending message ID:1 [] []
[2020-10-28 23:22:56] momocanal_service_logger.INFO: PDO Exception: SQLSTATE[42S22]: Column not found: 1054 Unknown column 'id' in 'where clause' [] []
[2020-10-28 23:22:59] momocanal_service_logger.INFO: Daemon processing about to start [] []
[2020-10-28 23:22:59] momocanal_service_logger.INFO: checking for pending messages [] []
[2020-10-28 23:22:59] momocanal_service_logger.INFO: Found 1 pending sms [] []
[2020-10-28 23:22:59] momocanal_service_logger.INFO: fetching pending sms [] []
[2020-10-28 23:22:59] momocanal_service_logger.DEBUG: [{}] [] []
[2020-10-28 23:22:59] momocanal_service_logger.INFO: About to update message ID:1 [] []
[2020-10-28 23:22:59] momocanal_service_logger.INFO: Sending message ID:1 [] []
[2020-10-28 23:22:59] momocanal_service_logger.INFO: PDO Exception: SQLSTATE[42S22]: Column not found: 1054 Unknown column 'id' in 'where clause' [] []
[2020-10-28 23:23:02] momocanal_service_logger.INFO: Daemon processing about to start [] []
[2020-10-28 23:23:02] momocanal_service_logger.INFO: checking for pending messages [] []
[2020-10-28 23:23:03] momocanal_service_logger.INFO: Found 1 pending sms [] []
[2020-10-28 23:23:03] momocanal_service_logger.INFO: fetching pending sms [] []
[2020-10-28 23:23:03] momocanal_service_logger.DEBUG: [{}] [] []
[2020-10-28 23:23:03] momocanal_service_logger.INFO: About to update message ID:1 [] []
[2020-10-28 23:23:03] momocanal_service_logger.INFO: Sending message ID:1 [] []
[2020-10-28 23:23:03] momocanal_service_logger.INFO: PDO Exception: SQLSTATE[42S22]: Column not found: 1054 Unknown column 'id' in 'where clause' [] []
[2020-10-28 23:23:06] momocanal_service_logger.INFO: Daemon processing about to start [] []
[2020-10-28 23:23:06] momocanal_service_logger.INFO: checking for pending messages [] []
[2020-10-28 23:23:06] momocanal_service_logger.INFO: Found 1 pending sms [] []
[2020-10-28 23:23:06] momocanal_service_logger.INFO: fetching pending sms [] []
[2020-10-28 23:23:06] momocanal_service_logger.DEBUG: [{}] [] []
[2020-10-28 23:23:06] momocanal_service_logger.INFO: About to update message ID:1 [] []
[2020-10-28 23:23:06] momocanal_service_logger.INFO: Sending message ID:1 [] []
[2020-10-28 23:23:06] momocanal_service_logger.INFO: PDO Exception: SQLSTATE[42S22]: Column not found: 1054 Unknown column 'id' in 'where clause' [] []
[2020-10-28 23:23:09] momocanal_service_logger.INFO: Daemon processing about to start [] []
[2020-10-28 23:23:09] momocanal_service_logger.INFO: checking for pending messages [] []
[2020-10-28 23:23:09] momocanal_service_logger.INFO: Found 1 pending sms [] []
[2020-10-28 23:23:09] momocanal_service_logger.INFO: fetching pending sms [] []
[2020-10-28 23:23:09] momocanal_service_logger.DEBUG: [{}] [] []
[2020-10-28 23:23:09] momocanal_service_logger.INFO: About to update message ID:1 [] []
[2020-10-28 23:23:09] momocanal_service_logger.INFO: Sending message ID:1 [] []
[2020-10-28 23:23:09] momocanal_service_logger.INFO: PDO Exception: SQLSTATE[42S22]: Column not found: 1054 Unknown column 'id' in 'where clause' [] []
[2020-10-28 23:23:12] momocanal_service_logger.INFO: Daemon processing about to start [] []
[2020-10-28 23:23:12] momocanal_service_logger.INFO: checking for pending messages [] []
[2020-10-28 23:23:12] momocanal_service_logger.INFO: Found 1 pending sms [] []
[2020-10-28 23:23:12] momocanal_service_logger.INFO: fetching pending sms [] []
[2020-10-28 23:23:12] momocanal_service_logger.DEBUG: [{}] [] []
[2020-10-28 23:23:12] momocanal_service_logger.INFO: About to update message ID:1 [] []
[2020-10-28 23:23:12] momocanal_service_logger.INFO: Sending message ID:1 [] []
[2020-10-28 23:23:12] momocanal_service_logger.INFO: PDO Exception: SQLSTATE[42S22]: Column not found: 1054 Unknown column 'id' in 'where clause' [] []
[2020-10-28 23:23:15] momocanal_service_logger.INFO: Daemon processing about to start [] []
[2020-10-28 23:23:15] momocanal_service_logger.INFO: checking for pending messages [] []
[2020-10-28 23:23:15] momocanal_service_logger.INFO: Found 1 pending sms [] []
[2020-10-28 23:23:15] momocanal_service_logger.INFO: fetching pending sms [] []
[2020-10-28 23:23:15] momocanal_service_logger.DEBUG: [{}] [] []
[2020-10-28 23:23:15] momocanal_service_logger.INFO: About to update message ID:1 [] []
[2020-10-28 23:23:15] momocanal_service_logger.INFO: Sending message ID:1 [] []
[2020-10-28 23:23:15] momocanal_service_logger.INFO: PDO Exception: SQLSTATE[42S22]: Column not found: 1054 Unknown column 'id' in 'where clause' [] []
[2020-10-28 23:23:18] momocanal_service_logger.INFO: Daemon processing about to start [] []
[2020-10-28 23:23:18] momocanal_service_logger.INFO: checking for pending messages [] []
[2020-10-28 23:23:18] momocanal_service_logger.INFO: Found 1 pending sms [] []
[2020-10-28 23:23:18] momocanal_service_logger.INFO: fetching pending sms [] []
[2020-10-28 23:23:18] momocanal_service_logger.DEBUG: [{}] [] []
[2020-10-28 23:23:18] momocanal_service_logger.INFO: About to update message ID:1 [] []
[2020-10-28 23:23:18] momocanal_service_logger.INFO: Sending message ID:1 [] []
[2020-10-28 23:23:18] momocanal_service_logger.INFO: PDO Exception: SQLSTATE[42S22]: Column not found: 1054 Unknown column 'id' in 'where clause' [] []
[2020-10-28 23:23:21] momocanal_service_logger.INFO: Daemon processing about to start [] []
[2020-10-28 23:23:21] momocanal_service_logger.INFO: checking for pending messages [] []
[2020-10-28 23:23:21] momocanal_service_logger.INFO: Found 1 pending sms [] []
[2020-10-28 23:23:21] momocanal_service_logger.INFO: fetching pending sms [] []
[2020-10-28 23:23:21] momocanal_service_logger.DEBUG: [{}] [] []
[2020-10-28 23:23:21] momocanal_service_logger.INFO: About to update message ID:1 [] []
[2020-10-28 23:23:21] momocanal_service_logger.INFO: Sending message ID:1 [] []
[2020-10-28 23:23:21] momocanal_service_logger.INFO: PDO Exception: SQLSTATE[42S22]: Column not found: 1054 Unknown column 'id' in 'where clause' [] []
